{"level":"info","message":"6379","timestamp":"2026-07-20 02:08:57"}
{"level":"info","message":"Redis Connected","timestamp":"2026-07-20 02:08:57"}
{"level":"info","message":"BullMQ Redis Connected","timestamp":"2026-07-20 02:08:57"}
{"level":"info","message":"Redis Connected","timestamp":"2026-07-20 02:08:57"}
{"level":"info","message":"Topics index already exists.","timestamp":"2026-07-20 02:08:57"}
{"level":"info","message":"Server is running on http://localhost:3000","timestamp":"2026-07-20 02:08:57"}
{"level":"info","message":"Health check endpoint: http://localhost:3000/health","timestamp":"2026-07-20 02:08:57"}
{"level":"info","message":"6379","timestamp":"2026-07-20 02:12:29"}
{"level":"info","message":"Redis Connected","timestamp":"2026-07-20 02:12:30"}
{"level":"info","message":"BullMQ Redis Connected","timestamp":"2026-07-20 02:12:30"}
{"level":"info","message":"Redis Connected","timestamp":"2026-07-20 02:12:30"}
{"level":"info","message":"Topics index already exists.","timestamp":"2026-07-20 02:12:30"}
{"level":"info","message":"Server is running on http://localhost:3000","timestamp":"2026-07-20 02:12:30"}
{"level":"info","message":"Health check endpoint: http://localhost:3000/health","timestamp":"2026-07-20 02:12:30"}
{"level":"info","message":"[2026-07-19T20:42:32.807Z] GET /health","timestamp":"2026-07-20 02:12:32"}
{"level":"info","message":"::1 - - [19/Jul/2026:20:42:32 +0000] \"GET /health HTTP/1.1\" 200 84 \"-\" \"PostmanRuntime/7.54.0\"","timestamp":"2026-07-20 02:12:32"}
{"level":"info","message":"6379","timestamp":"2026-07-20 02:17:25"}
{"level":"info","message":"Redis Connected","timestamp":"2026-07-20 02:17:26"}
{"level":"info","message":"BullMQ Redis Connected","timestamp":"2026-07-20 02:17:26"}
{"level":"info","message":"Redis Connected","timestamp":"2026-07-20 02:17:26"}
{"level":"info","message":"Topics index already exists.","timestamp":"2026-07-20 02:17:26"}
{"level":"info","message":"Server is running on http://localhost:3000","timestamp":"2026-07-20 02:17:26"}
{"level":"info","message":"Health check endpoint: http://localhost:3000/health","timestamp":"2026-07-20 02:17:26"}
{"level":"info","message":"[2026-07-19T20:47:50.125Z] GET /api/v1/topics/999","timestamp":"2026-07-20 02:17:50"}
{"level":"error","message":"logger is not defined","method":"GET","stack":"ReferenceError: logger is not defined\n    at Object.getTopicById (/Users/aasthasudan/roadmap-tracker/src/services/topicService.js:266:5)\n    at getTopicById (/Users/aasthasudan/roadmap-tracker/src/controllers/topicController.js:116:42)\n    at Layer.handleRequest (/Users/aasthasudan/roadmap-tracker/node_modules/router/lib/layer.js:152:17)\n    at next (/Users/aasthasudan/roadmap-tracker/node_modules/router/lib/route.js:157:13)\n    at Route.dispatch (/Users/aasthasudan/roadmap-tracker/node_modules/router/lib/route.js:117:3)\n    at handle (/Users/aasthasudan/roadmap-tracker/node_modules/router/index.js:435:11)\n    at Layer.handleRequest (/Users/aasthasudan/roadmap-tracker/node_modules/router/lib/layer.js:152:17)\n    at /Users/aasthasudan/roadmap-tracker/node_modules/router/index.js:295:15\n    at param (/Users/aasthasudan/roadmap-tracker/node_modules/router/index.js:600:14)\n    at param (/Users/aasthasudan/roadmap-tracker/node_modules/router/index.js:610:14)","statusCode":500,"timestamp":"2026-07-20 02:17:50","url":"/api/v1/topics/999"}
{"level":"info","message":"::1 - - [19/Jul/2026:20:47:50 +0000] \"GET /api/v1/topics/999 HTTP/1.1\" 500 1203 \"-\" \"PostmanRuntime/7.54.0\"","timestamp":"2026-07-20 02:17:50"}
{"level":"info","message":"6379","timestamp":"2026-07-20 02:22:06"}
{"level":"info","message":"Redis Connected","timestamp":"2026-07-20 02:22:06"}
{"level":"info","message":"BullMQ Redis Connected","timestamp":"2026-07-20 02:22:06"}
{"level":"info","message":"Redis Connected","timestamp":"2026-07-20 02:22:06"}
{"level":"info","message":"Topics index already exists.","timestamp":"2026-07-20 02:22:06"}
{"level":"info","message":"Server is running on http://localhost:3000","timestamp":"2026-07-20 02:22:06"}
{"level":"info","message":"Health check endpoint: http://localhost:3000/health","timestamp":"2026-07-20 02:22:06"}
{"level":"info","message":"[2026-07-19T20:52:10.005Z] GET /api/v1/topics/999","timestamp":"2026-07-20 02:22:10"}
{"level":"info","message":"Incoming id:","timestamp":"2026-07-20 02:22:10"}
{"level":"info","message":"Converted id:","timestamp":"2026-07-20 02:22:10"}
{"level":"info","message":"Topic from DB:","timestamp":"2026-07-20 02:22:10"}
{"level":"error","message":"Topic 999 not found","method":"GET","statusCode":404,"timestamp":"2026-07-20 02:22:10","url":"/api/v1/topics/999"}
{"level":"info","message":"::1 - - [19/Jul/2026:20:52:10 +0000] \"GET /api/v1/topics/999 HTTP/1.1\" 404 49 \"-\" \"PostmanRuntime/7.54.0\"","timestamp":"2026-07-20 02:22:10"}
{"level":"info","message":"6379","timestamp":"2026-07-20 17:26:12"}
{"level":"info","message":"Redis Connected","timestamp":"2026-07-20 17:26:12"}
{"level":"info","message":"BullMQ Redis Connected","timestamp":"2026-07-20 17:26:12"}
{"level":"info","message":"Redis Connected","timestamp":"2026-07-20 17:26:12"}
{"level":"info","message":"Topics index already exists.","timestamp":"2026-07-20 17:26:12"}
{"level":"info","message":"Server is running on http://localhost:3000","timestamp":"2026-07-20 17:26:12"}
{"level":"info","message":"Health check endpoint: http://localhost:3000/health","timestamp":"2026-07-20 17:26:12"}
{"level":"info","message":"[2026-07-20T11:56:20.697Z] GET /health","timestamp":"2026-07-20 17:26:20"}
{"level":"info","message":"::1 - - [20/Jul/2026:11:56:20 +0000] \"GET /health HTTP/1.1\" 200 210 \"-\" \"PostmanRuntime/7.54.0\"","timestamp":"2026-07-20 17:26:20"}
{"level":"info","message":"[2026-07-20T11:56:51.126Z] GET /ready","timestamp":"2026-07-20 17:26:51"}
{"level":"info","message":"::1 - - [20/Jul/2026:11:56:51 +0000] \"GET /ready HTTP/1.1\" 503 54 \"-\" \"PostmanRuntime/7.54.0\"","timestamp":"2026-07-20 17:26:51"}
{"level":"info","message":"6379","timestamp":"2026-07-20 17:29:05"}
{"level":"info","message":"Redis Connected","timestamp":"2026-07-20 17:29:05"}
{"level":"info","message":"BullMQ Redis Connected","timestamp":"2026-07-20 17:29:05"}
{"level":"info","message":"Redis Connected","timestamp":"2026-07-20 17:29:05"}
{"level":"info","message":"Topics index already exists.","timestamp":"2026-07-20 17:29:05"}
{"level":"info","message":"Server is running on http://localhost:3000","timestamp":"2026-07-20 17:29:05"}
{"level":"info","message":"Health check endpoint: http://localhost:3000/health","timestamp":"2026-07-20 17:29:05"}
{"level":"info","message":"[2026-07-20T11:59:09.367Z] GET /ready","timestamp":"2026-07-20 17:29:09"}
{"level":"info","message":"::1 - - [20/Jul/2026:11:59:09 +0000] \"GET /ready HTTP/1.1\" 200 18 \"-\" \"PostmanRuntime/7.54.0\"","timestamp":"2026-07-20 17:29:09"}
